Построение начато 29.11.2016 21:46:57.
     1>Проект "C:\Git\Rep\OOP\LR9-10 - STL\LR9-10 - STL\LR9-10 - STL.vcxproj" в узле 2 (целевые объекты build).
     1>InitializeBuildStatus:
         Создание "Debug\LR9-10 - STL.unsuccessfulbuild", так как было задано "AlwaysCreate".
       ClCompile:
         c:\Program Files (x86)\Microsoft Visual Studio 10.0\VC\bin\CL.exe /c /ZI /nologo /W3 /WX- /Od /Oy- /D WIN32 /D _DEBUG /D _CONSOLE /D _UNICODE /D UNICODE /Gm /EHsc /RTC1 /MDd /GS /fp:precise /Zc:wchar_t /Zc:forScope /Fo"Debug\\" /Fd"Debug\vc100.pdb" /Gd /TP /analyze- /errorReport:prompt FIRST.cpp
         FIRST.cpp
     1>c:\git\rep\oop\lr9-10 - stl\lr9-10 - stl\first.cpp(33): warning C4305: аргумент: усечение из "double" к "const float"
     1>c:\git\rep\oop\lr9-10 - stl\lr9-10 - stl\first.cpp(36): warning C4305: =: усечение из "double" к "float"
     1>c:\git\rep\oop\lr9-10 - stl\lr9-10 - stl\first.cpp(38): warning C4305: аргумент: усечение из "double" к "const float"
     1>c:\git\rep\oop\lr9-10 - stl\lr9-10 - stl\first.cpp(49): warning C4244: аргумент: преобразование "int" в "const float", возможна потеря данных
       Link:
         c:\Program Files (x86)\Microsoft Visual Studio 10.0\VC\bin\link.exe /ERRORREPORT:PROMPT /OUT:"C:\Git\Rep\OOP\LR9-10 - STL\Debug\LR9-10 - STL.exe" /INCREMENTAL:NO /NOLOGO kernel32.lib user32.lib gdi32.lib winspool.lib comdlg32.lib advapi32.lib shell32.lib ole32.lib oleaut32.lib uuid.lib odbc32.lib odbccp32.lib /MANIFEST /ManifestFile:"Debug\LR9-10 - STL.exe.intermediate.manifest" /MANIFESTUAC:"level='asInvoker' uiAccess='false'" /DEBUG /PDB:"C:\Git\Rep\OOP\LR9-10 - STL\Debug\LR9-10 - STL.pdb" /SUBSYSTEM:CONSOLE /TLBID:1 /DYNAMICBASE /NXCOMPAT /IMPLIB:"C:\Git\Rep\OOP\LR9-10 - STL\Debug\LR9-10 - STL.lib" /MACHINE:X86 Debug\FIRST.obj
     1>FIRST.obj : warning LNK4075: не учитывается "/EDITANDCONTINUE" из-за спецификации "/INCREMENTAL:NO"
         LR9-10 - STL.vcxproj -> C:\Git\Rep\OOP\LR9-10 - STL\Debug\LR9-10 - STL.exe
       Manifest:
         C:\Program Files (x86)\Microsoft SDKs\Windows\v7.0A\bin\mt.exe /nologo /verbose /outputresource:"C:\Git\Rep\OOP\LR9-10 - STL\Debug\LR9-10 - STL.exe;#1" /manifest "Debug\LR9-10 - STL.exe.intermediate.manifest"
       FinalizeBuildStatus:
         Файл "Debug\LR9-10 - STL.unsuccessfulbuild" удаляется.
         Обращение к "Debug\LR9-10 - STL.lastbuildstate".
     1>Построение проекта "C:\Git\Rep\OOP\LR9-10 - STL\LR9-10 - STL\LR9-10 - STL.vcxproj" завершено (целевые объекты build).

Построение успешно завершено.

Затраченное время: 00:00:00.66
