Построение начато 22.11.2016 17:18:35.
     1>Проект "C:\Git\Rep\OOP\LR7\LR7\LR7.vcxproj" в узле 2 (целевые объекты build).
     1>InitializeBuildStatus:
         Создание "Debug\LR7.unsuccessfulbuild", так как было задано "AlwaysCreate".
       ClCompile:
         c:\Program Files (x86)\Microsoft Visual Studio 10.0\VC\bin\CL.exe /c /ZI /nologo /W3 /WX- /Od /Oy- /D WIN32 /D _DEBUG /D _CONSOLE /D _UNICODE /D UNICODE /Gm /EHsc /RTC1 /MDd /GS /fp:precise /Zc:wchar_t /Zc:forScope /Fo"Debug\\" /Fd"Debug\vc100.pdb" /Gd /TP /analyze- /errorReport:prompt main.cpp
         main.cpp
     1>c:\git\rep\oop\lr7\lr7\main.cpp(146): warning C4244: -=: преобразование "double" в "int", возможна потеря данных
                 c:\git\rep\oop\lr7\lr7\main.cpp(172): см. ссылку на создание экземпляров функции шаблон при компиляции "void setminus<shablon<sh>>(set &,c)"
                 with
                 [
                     sh=double,
                     c=shablon<double>
                 ]
       Link:
         c:\Program Files (x86)\Microsoft Visual Studio 10.0\VC\bin\link.exe /ERRORREPORT:PROMPT /OUT:"C:\Git\Rep\OOP\LR7\Debug\LR7.exe" /INCREMENTAL:NO /NOLOGO kernel32.lib user32.lib gdi32.lib winspool.lib comdlg32.lib advapi32.lib shell32.lib ole32.lib oleaut32.lib uuid.lib odbc32.lib odbccp32.lib /MANIFEST /ManifestFile:"Debug\LR7.exe.intermediate.manifest" /MANIFESTUAC:"level='asInvoker' uiAccess='false'" /DEBUG /PDB:"C:\Git\Rep\OOP\LR7\Debug\LR7.pdb" /SUBSYSTEM:CONSOLE /TLBID:1 /DYNAMICBASE /NXCOMPAT /IMPLIB:"C:\Git\Rep\OOP\LR7\Debug\LR7.lib" /MACHINE:X86 Debug\main.obj
     1>main.obj : warning LNK4075: не учитывается "/EDITANDCONTINUE" из-за спецификации "/INCREMENTAL:NO"
         LR7.vcxproj -> C:\Git\Rep\OOP\LR7\Debug\LR7.exe
       Manifest:
         C:\Program Files (x86)\Microsoft SDKs\Windows\v7.0A\bin\mt.exe /nologo /verbose /outputresource:"C:\Git\Rep\OOP\LR7\Debug\LR7.exe;#1" /manifest Debug\LR7.exe.intermediate.manifest
       FinalizeBuildStatus:
         Файл "Debug\LR7.unsuccessfulbuild" удаляется.
         Обращение к "Debug\LR7.lastbuildstate".
     1>Построение проекта "C:\Git\Rep\OOP\LR7\LR7\LR7.vcxproj" завершено (целевые объекты build).

Построение успешно завершено.

Затраченное время: 00:00:02.23
