Построение начато 27.11.2016 15:12:59.
     1>Проект "C:\Git\Rep\OOP\LR8 - Exceptions\LR8 - Exceptions\LR8 - Exceptions.vcxproj" в узле 2 (целевые объекты build).
     1>InitializeBuildStatus:
         Создание "Debug\LR8 - Exceptions.unsuccessfulbuild", так как было задано "AlwaysCreate".
       ClCompile:
         c:\Program Files (x86)\Microsoft Visual Studio 10.0\VC\bin\CL.exe /c /ZI /nologo /W3 /WX- /Od /Oy- /D WIN32 /D _DEBUG /D _CONSOLE /D _UNICODE /D UNICODE /Gm /EHa /RTC1 /MDd /GS /fp:precise /Zc:wchar_t /Zc:forScope /Fo"Debug\\" /Fd"Debug\vc100.pdb" /Gd /TP /analyze- /errorReport:prompt main.cpp
         main.cpp
     1>c:\git\rep\oop\lr8 - exceptions\lr8 - exceptions\main.cpp(124): warning C4244: аргумент: преобразование "double" в "DWORD", возможна потеря данных
     1>c:\git\rep\oop\lr8 - exceptions\lr8 - exceptions\main.cpp(127): warning C4244: аргумент: преобразование "double" в "DWORD", возможна потеря данных
     1>c:\git\rep\oop\lr8 - exceptions\lr8 - exceptions\main.cpp(111): warning C4102: sec: неиспользованная метка
     1>c:\git\rep\oop\lr8 - exceptions\lr8 - exceptions\main.cpp(91): warning C4102: again2: неиспользованная метка
       Link:
         c:\Program Files (x86)\Microsoft Visual Studio 10.0\VC\bin\link.exe /ERRORREPORT:PROMPT /OUT:"C:\Git\Rep\OOP\LR8 - Exceptions\Debug\LR8 - Exceptions.exe" /INCREMENTAL:NO /NOLOGO kernel32.lib user32.lib gdi32.lib winspool.lib comdlg32.lib advapi32.lib shell32.lib ole32.lib oleaut32.lib uuid.lib odbc32.lib odbccp32.lib /MANIFEST /ManifestFile:"Debug\LR8 - Exceptions.exe.intermediate.manifest" /MANIFESTUAC:"level='asInvoker' uiAccess='false'" /DEBUG /PDB:"C:\Git\Rep\OOP\LR8 - Exceptions\Debug\LR8 - Exceptions.pdb" /SUBSYSTEM:CONSOLE /TLBID:1 /DYNAMICBASE /NXCOMPAT /IMPLIB:"C:\Git\Rep\OOP\LR8 - Exceptions\Debug\LR8 - Exceptions.lib" /MACHINE:X86 Debug\main.obj
     1>main.obj : warning LNK4075: не учитывается "/EDITANDCONTINUE" из-за спецификации "/INCREMENTAL:NO"
         LR8 - Exceptions.vcxproj -> C:\Git\Rep\OOP\LR8 - Exceptions\Debug\LR8 - Exceptions.exe
       Manifest:
         C:\Program Files (x86)\Microsoft SDKs\Windows\v7.0A\bin\mt.exe /nologo /verbose /outputresource:"C:\Git\Rep\OOP\LR8 - Exceptions\Debug\LR8 - Exceptions.exe;#1" /manifest "Debug\LR8 - Exceptions.exe.intermediate.manifest"
       FinalizeBuildStatus:
         Файл "Debug\LR8 - Exceptions.unsuccessfulbuild" удаляется.
         Обращение к "Debug\LR8 - Exceptions.lastbuildstate".
     1>Построение проекта "C:\Git\Rep\OOP\LR8 - Exceptions\LR8 - Exceptions\LR8 - Exceptions.vcxproj" завершено (целевые объекты build).

Построение успешно завершено.

Затраченное время: 00:00:03.07
